<?xml version="1.0" encoding="UTF-8"?>
<!-- Generated by org.testng.reporters.JUnitXMLReporter -->
<testsuite ignored="0" hostname="DESKTOP-CQUQF6I" failures="1" tests="1" name="OyoTestOnChrome(failed)" time="32.217" errors="0" timestamp="2022-03-04T20:15:16 IST">
  <testcase classname="Test01" name="test01" time="22.428">
    <failure type="java.lang.AssertionError" message="The following asserts failed:
	FAIL// Title is not Matched expected [https://www.oyorooms.com/112501/?checkin=20%2F02%2F2022&amp;amp;checkout=21%2F02%2F2022&amp;amp;guests=3&amp;amp;modal=bookingSummary&amp;amp;rooms=2&amp;amp;rooms_config=2-1_0-2_0&amp;amp;selected_rcid=272950] but found [https://www.oyorooms.com/172972/?checkin=20%2F03%2F2022&amp;amp;checkout=21%2F03%2F2022&amp;amp;guests=3&amp;amp;modal=bookingSummary&amp;amp;rooms=2&amp;amp;rooms_config=2-1_0-2_0&amp;amp;selected_rcid=1]">
      <![CDATA[java.lang.AssertionError: The following asserts failed:
FAIL// Title is not Matched expected [https://www.oyorooms.com/112501/?checkin=20%2F02%2F2022&checkout=21%2F02%2F2022&guests=3&modal=bookingSummary&rooms=2&rooms_config=2-1_0-2_0&selected_rcid=272950] but found [https://www.oyorooms.com/172972/?checkin=20%2F03%2F2022&checkout=21%2F03%2F2022&guests=3&modal=bookingSummary&rooms=2&rooms_config=2-1_0-2_0&selected_rcid=1]
at Test01.test01(Test01.java:190)
at java.base/java.util.ArrayList.forEach(ArrayList.java:1511)
... Removed 29 stack frames]]>
    </failure>
  </testcase> <!-- test01 -->
</testsuite> <!-- OyoTestOnChrome(failed) -->
