<?xml version="1.0" encoding="UTF-8"?>
<!-- Generated by org.testng.reporters.JUnitXMLReporter -->
<testsuite ignored="0" hostname="DESKTOP-CQUQF6I" failures="0" tests="1" name="Default test" time="0.051" errors="0" timestamp="2022-02-13T02:48:22 IST">
  <testcase classname="Test02" name="@BeforeTest browserOpen" time="-1.644700702483E9">
    <failure type="org.testng.TestNGException" message="
Parameter &amp;apos;browser&amp;apos; is required by BeforeTest on method browserOpen but has not been marked @Optional or defined
in C:\Users\ADMIN\AppData\Local\Temp\testng-eclipse--880196406\testng-customsuite.xml">
      <![CDATA[org.testng.TestNGException: 
Parameter 'browser' is required by BeforeTest on method browserOpen but has not been marked @Optional or defined
in C:\Users\ADMIN\AppData\Local\Temp\testng-eclipse--880196406\testng-customsuite.xml
at org.testng.internal.Parameters.createParams(Parameters.java:270)
at org.testng.internal.Parameters.createParametersForMethod(Parameters.java:358)
at org.testng.internal.Parameters.createParameters(Parameters.java:700)
at org.testng.internal.Parameters.createConfigurationParameters(Parameters.java:168)
at org.testng.internal.ConfigInvoker.invokeConfigurations(ConfigInvoker.java:302)
at org.testng.TestRunner.invokeTestConfigurations(TestRunner.java:637)
at org.testng.TestRunner.beforeRun(TestRunner.java:627)
at org.testng.TestRunner.run(TestRunner.java:589)
at org.testng.SuiteRunner.runTest(SuiteRunner.java:377)
at org.testng.SuiteRunner.runSequentially(SuiteRunner.java:371)
at org.testng.SuiteRunner.privateRun(SuiteRunner.java:332)
at org.testng.SuiteRunner.run(SuiteRunner.java:276)
at org.testng.SuiteRunnerWorker.runSuite(SuiteRunnerWorker.java:53)
at org.testng.SuiteRunnerWorker.run(SuiteRunnerWorker.java:96)
at org.testng.TestNG.runSuitesSequentially(TestNG.java:1212)
at org.testng.TestNG.runSuitesLocally(TestNG.java:1134)
at org.testng.TestNG.runSuites(TestNG.java:1063)
at org.testng.TestNG.run(TestNG.java:1031)
at org.testng.remote.AbstractRemoteTestNG.run(AbstractRemoteTestNG.java:115)
at org.testng.remote.RemoteTestNG.initAndRun(RemoteTestNG.java:251)
at org.testng.remote.RemoteTestNG.main(RemoteTestNG.java:77)
]]>
    </failure>
  </testcase> <!-- @BeforeTest browserOpen -->
  <testcase classname="Test02" name="@BeforeClass objectsOfPOMMethods" time="-1.644700702506E9">
    <skipped/>
  </testcase> <!-- @BeforeClass objectsOfPOMMethods -->
  <testcase classname="Test02" name="@BeforeMethod UrlAnd_Login" time="-1.644700702517E9">
    <skipped/>
  </testcase> <!-- @BeforeMethod UrlAnd_Login -->
  <testcase classname="Test02" name="@AfterMethod captureScreenShot" time="-1.644700702524E9">
    <skipped/>
  </testcase> <!-- @AfterMethod captureScreenShot -->
  <testcase classname="Test02" name="@AfterClass clearObjectsOfPOMMethods" time="-1.644700702526E9">
    <skipped/>
  </testcase> <!-- @AfterClass clearObjectsOfPOMMethods -->
  <testcase classname="Test02" name="@AfterTest browserclose" time="-1.644700702529E9">
    <skipped/>
  </testcase> <!-- @AfterTest browserclose -->
  <testcase classname="Test02" name="testOfficialOYOBlog" time="0.0">
    <skipped/>
  </testcase> <!-- testOfficialOYOBlog -->
</testsuite> <!-- Default test -->
